<?xml version="1.0" encoding="UTF-8"?>
<testsuite name="com.myorganization.MyorganizationTest" tests="1" skipped="0" failures="0" errors="0" timestamp="2025-07-18T11:28:15" hostname="AMIT-PC" time="0.054">
  <properties/>
  <testcase name="testItWorks()" classname="com.myorganization.MyorganizationTest" time="0.054"/>
  <system-out><![CDATA[16:58:14.124 [Test worker] INFO  i.m.c.DefaultApplicationContext$RuntimeConfiguredEnvironment - Established active environments: [test]
16:58:14.275 [Test worker] INFO  com.zaxxer.hikari.HikariDataSource - HikariPool-1 - Starting...
16:58:14.450 [Test worker] INFO  com.zaxxer.hikari.HikariDataSource - HikariPool-1 - Start completed.
16:58:14.629 [Test worker] INFO  org.hibernate.Version - HHH000412: Hibernate ORM core version 5.6.15.Final
16:58:14.758 [Test worker] INFO  o.h.annotations.common.Version - HCANN000001: Hibernate Commons Annotations {5.1.2.Final}
16:58:14.847 [Test worker] INFO  org.hibernate.dialect.Dialect - HHH000400: Using dialect: org.hibernate.dialect.MySQL55Dialect
16:58:15.664 [Test worker] INFO  com.zaxxer.hikari.HikariDataSource - HikariPool-1 - Shutdown initiated...
16:58:15.670 [Test worker] INFO  com.zaxxer.hikari.HikariDataSource - HikariPool-1 - Shutdown completed.
]]></system-out>
  <system-err><![CDATA[]]></system-err>
</testsuite>
