<?xml version="1.0" encoding="UTF-8"?>
<testsuite name="com.myorganization.MyorganizationTest" tests="1" skipped="0" failures="0" errors="0" timestamp="2025-07-18T12:14:17" hostname="AMIT-PC" time="0.06">
  <properties/>
  <testcase name="testItWorks()" classname="com.myorganization.MyorganizationTest" time="0.06"/>
  <system-out><![CDATA[17:44:15.612 [Test worker] INFO  i.m.c.DefaultApplicationContext$RuntimeConfiguredEnvironment - Established active environments: [test]
17:44:15.782 [Test worker] INFO  com.zaxxer.hikari.HikariDataSource - HikariPool-1 - Starting...
17:44:15.966 [Test worker] INFO  com.zaxxer.hikari.HikariDataSource - HikariPool-1 - Start completed.
17:44:16.169 [Test worker] INFO  org.hibernate.Version - HHH000412: Hibernate ORM core version 5.6.15.Final
17:44:16.317 [Test worker] INFO  o.h.annotations.common.Version - HCANN000001: Hibernate Commons Annotations {5.1.2.Final}
17:44:16.417 [Test worker] INFO  org.hibernate.dialect.Dialect - HHH000400: Using dialect: org.hibernate.dialect.MySQL55Dialect
17:44:17.262 [Test worker] INFO  com.zaxxer.hikari.HikariDataSource - HikariPool-1 - Shutdown initiated...
17:44:17.268 [Test worker] INFO  com.zaxxer.hikari.HikariDataSource - HikariPool-1 - Shutdown completed.
]]></system-out>
  <system-err><![CDATA[]]></system-err>
</testsuite>
